<?xml version="1.0" encoding="UTF-8"?>
<testsuite name="com.renault.wired.repositories.LeadFileRepositoryTest" tests="1" skipped="0" failures="0" errors="0" timestamp="2017-02-08T15:58:41" hostname="ubuntu" time="0.224">
  <properties/>
  <testcase name="testSaveProduct" classname="com.renault.wired.repositories.LeadFileRepositoryTest" time="0.224"/>
  <system-out><![CDATA[2017-02-08 16:58:39.279  INFO 32071 --- [    Test worker] .b.t.c.SpringBootTestContextBootstrapper : Neither @ContextConfiguration nor @ContextHierarchy found for test class [com.renault.wired.repositories.LeadFileRepositoryTest], using SpringBootContextLoader
2017-02-08 16:58:39.280  INFO 32071 --- [    Test worker] o.s.t.c.support.AbstractContextLoader    : Could not detect default resource locations for test class [com.renault.wired.repositories.LeadFileRepositoryTest]: no resource found for suffixes {-context.xml, Context.groovy}.
2017-02-08 16:58:39.290  INFO 32071 --- [    Test worker] .b.t.c.SpringBootTestContextBootstrapper : Loaded default TestExecutionListener class names from location [META-INF/spring.factories]: [org.springframework.boot.test.mock.mockito.MockitoTestExecutionListener, org.springframework.boot.test.mock.mockito.ResetMocksTestExecutionListener, org.springframework.boot.test.autoconfigure.restdocs.RestDocsTestExecutionListener, org.springframework.boot.test.autoconfigure.web.client.MockRestServiceServerResetTestExecutionListener, org.springframework.boot.test.autoconfigure.web.servlet.MockMvcPrintOnlyOnFailureTestExecutionListener, org.springframework.boot.test.autoconfigure.web.servlet.WebDriverTestExecutionListener, org.springframework.test.context.web.ServletTestExecutionListener, org.springframework.test.context.support.DirtiesContextBeforeModesTestExecutionListener, org.springframework.test.context.support.DependencyInjectionTestExecutionListener, org.springframework.test.context.support.DirtiesContextTestExecutionListener, org.springframework.test.context.transaction.TransactionalTestExecutionListener, org.springframework.test.context.jdbc.SqlScriptsTestExecutionListener]
2017-02-08 16:58:39.293  INFO 32071 --- [    Test worker] .b.t.c.SpringBootTestContextBootstrapper : Using TestExecutionListeners: [org.springframework.test.context.web.ServletTestExecutionListener@159381e7, org.springframework.test.context.support.DirtiesContextBeforeModesTestExecutionListener@71533e29, org.springframework.boot.test.autoconfigure.SpringBootDependencyInjectionTestExecutionListener@18a007ed, org.springframework.test.context.support.DirtiesContextTestExecutionListener@6be5d00b, org.springframework.test.context.transaction.TransactionalTestExecutionListener@62f0f829, org.springframework.test.context.jdbc.SqlScriptsTestExecutionListener@aba3028, org.springframework.boot.test.autoconfigure.web.client.MockRestServiceServerResetTestExecutionListener@123dc1fd, org.springframework.boot.test.autoconfigure.web.servlet.MockMvcPrintOnlyOnFailureTestExecutionListener@571d2e39, org.springframework.boot.test.autoconfigure.restdocs.RestDocsTestExecutionListener@3249a543, org.springframework.boot.test.mock.mockito.ResetMocksTestExecutionListener@69a9e852, org.springframework.boot.test.mock.mockito.MockitoTestExecutionListener@1567eeb3, org.springframework.boot.test.autoconfigure.web.servlet.WebDriverTestExecutionListener@2bb566c0]

  .   ____          _            __ _ _
 /\\ / ___'_ __ _ _(_)_ __  __ _ \ \ \ \
( ( )\___ | '_ | '_| | '_ \/ _` | \ \ \ \
 \\/  ___)| |_)| | | | | || (_| |  ) ) ) )
  '  |____| .__|_| |_|_| |_\__, | / / / /
 =========|_|==============|___/=/_/_/_/
 :: Spring Boot ::        (v1.4.3.RELEASE)

2017-02-08 16:58:39.337  INFO 32071 --- [    Test worker] c.r.w.r.LeadFileRepositoryTest           : Starting LeadFileRepositoryTest on ubuntu with PID 32071 (started by sebaoui in /home/sebaoui/IdeaProjects/wired-backoffice-leads)
2017-02-08 16:58:39.339  INFO 32071 --- [    Test worker] c.r.w.r.LeadFileRepositoryTest           : No active profile set, falling back to default profiles: default
2017-02-08 16:58:39.342  INFO 32071 --- [    Test worker] o.s.w.c.s.GenericWebApplicationContext   : Refreshing org.springframework.web.context.support.GenericWebApplicationContext@2f33b885: startup date [Wed Feb 08 16:58:39 CET 2017]; root of context hierarchy
2017-02-08 16:58:39.871  INFO 32071 --- [    Test worker] f.a.AutowiredAnnotationBeanPostProcessor : JSR-330 'javax.inject.Inject' annotation found and supported for autowiring
2017-02-08 16:58:39.911  INFO 32071 --- [    Test worker] trationDelegate$BeanPostProcessorChecker : Bean 'org.springframework.transaction.annotation.ProxyTransactionManagementConfiguration' of type [class org.springframework.transaction.annotation.ProxyTransactionManagementConfiguration$$EnhancerBySpringCGLIB$$641fb354] is not eligible for getting processed by all BeanPostProcessors (for example: not eligible for auto-proxying)
2017-02-08 16:58:40.027  INFO 32071 --- [    Test worker] j.LocalContainerEntityManagerFactoryBean : Building JPA container EntityManagerFactory for persistence unit 'default'
2017-02-08 16:58:40.028  INFO 32071 --- [    Test worker] o.hibernate.jpa.internal.util.LogHelper  : HHH000204: Processing PersistenceUnitInfo [
	name: default
	...]
2017-02-08 16:58:40.081  INFO 32071 --- [    Test worker] org.hibernate.dialect.Dialect            : HHH000400: Using dialect: org.hibernate.dialect.PostgreSQL94Dialect
2017-02-08 16:58:40.186  INFO 32071 --- [    Test worker] o.h.e.j.e.i.LobCreatorBuilderImpl        : HHH000424: Disabling contextual LOB creation as createClob() method threw error : java.lang.reflect.InvocationTargetException
2017-02-08 16:58:40.187  INFO 32071 --- [    Test worker] org.hibernate.type.BasicTypeRegistry     : HHH000270: Type registration [java.util.UUID] overrides previous : org.hibernate.type.UUIDBinaryType@4731c6a0
2017-02-08 16:58:40.190  WARN 32071 --- [    Test worker] org.hibernate.orm.deprecation            : HHH90000014: Found use of deprecated [org.hibernate.id.SequenceGenerator] sequence-based id generator; use org.hibernate.id.enhanced.SequenceStyleGenerator instead.  See Hibernate Domain Model Mapping Guide for details.
2017-02-08 16:58:40.201  INFO 32071 --- [    Test worker] org.hibernate.tool.hbm2ddl.SchemaExport  : HHH000227: Running hbm2ddl schema export
2017-02-08 16:58:40.219  INFO 32071 --- [    Test worker] org.hibernate.tool.hbm2ddl.SchemaExport  : HHH000230: Schema export complete
2017-02-08 16:58:40.220  WARN 32071 --- [    Test worker] o.h.j.i.EntityManagerFactoryRegistry     : HHH000436: Entity manager factory name (default) is already registered.  If entity manager will be clustered or passivated, specify a unique value for property 'hibernate.ejb.entitymanager_factory_name'
2017-02-08 16:58:40.220  INFO 32071 --- [    Test worker] j.LocalContainerEntityManagerFactoryBean : Initialized JPA EntityManagerFactory for persistence unit 'default'
2017-02-08 16:58:40.499  INFO 32071 --- [    Test worker] s.w.s.m.m.a.RequestMappingHandlerAdapter : Looking for @ControllerAdvice: org.springframework.web.context.support.GenericWebApplicationContext@2f33b885: startup date [Wed Feb 08 16:58:39 CET 2017]; root of context hierarchy
2017-02-08 16:58:40.518  INFO 32071 --- [    Test worker] s.w.s.m.m.a.RequestMappingHandlerMapping : Mapped "{[/error],produces=[text/html]}" onto public org.springframework.web.servlet.ModelAndView org.springframework.boot.autoconfigure.web.BasicErrorController.errorHtml(javax.servlet.http.HttpServletRequest,javax.servlet.http.HttpServletResponse)
2017-02-08 16:58:40.519  INFO 32071 --- [    Test worker] s.w.s.m.m.a.RequestMappingHandlerMapping : Mapped "{[/error]}" onto public org.springframework.http.ResponseEntity<java.util.Map<java.lang.String, java.lang.Object>> org.springframework.boot.autoconfigure.web.BasicErrorController.error(javax.servlet.http.HttpServletRequest)
2017-02-08 16:58:40.545  INFO 32071 --- [    Test worker] o.s.w.s.handler.SimpleUrlHandlerMapping  : Mapped URL path [/webjars/**] onto handler of type [class org.springframework.web.servlet.resource.ResourceHttpRequestHandler]
2017-02-08 16:58:40.545  INFO 32071 --- [    Test worker] o.s.w.s.handler.SimpleUrlHandlerMapping  : Mapped URL path [/**] onto handler of type [class org.springframework.web.servlet.resource.ResourceHttpRequestHandler]
2017-02-08 16:58:40.573  INFO 32071 --- [    Test worker] o.s.w.s.handler.SimpleUrlHandlerMapping  : Mapped URL path [/**/favicon.ico] onto handler of type [class org.springframework.web.servlet.resource.ResourceHttpRequestHandler]
2017-02-08 16:58:40.817  INFO 32071 --- [    Test worker] b.a.s.AuthenticationManagerConfiguration : 

Using default security password: 228a5683-e087-49f6-bb4e-3213243b47da

2017-02-08 16:58:40.827  INFO 32071 --- [    Test worker] o.s.s.web.DefaultSecurityFilterChain     : Creating filter chain: Ant [pattern='/css/**'], []
2017-02-08 16:58:40.827  INFO 32071 --- [    Test worker] o.s.s.web.DefaultSecurityFilterChain     : Creating filter chain: Ant [pattern='/js/**'], []
2017-02-08 16:58:40.827  INFO 32071 --- [    Test worker] o.s.s.web.DefaultSecurityFilterChain     : Creating filter chain: Ant [pattern='/images/**'], []
2017-02-08 16:58:40.829  INFO 32071 --- [    Test worker] o.s.s.web.DefaultSecurityFilterChain     : Creating filter chain: Ant [pattern='/webjars/**'], []
2017-02-08 16:58:40.830  INFO 32071 --- [    Test worker] o.s.s.web.DefaultSecurityFilterChain     : Creating filter chain: Ant [pattern='/**/favicon.ico'], []
2017-02-08 16:58:40.831  INFO 32071 --- [    Test worker] o.s.s.web.DefaultSecurityFilterChain     : Creating filter chain: Ant [pattern='/error'], []
2017-02-08 16:58:40.903  INFO 32071 --- [    Test worker] o.s.s.web.DefaultSecurityFilterChain     : Creating filter chain: OrRequestMatcher [requestMatchers=[Ant [pattern='/**']]], [org.springframework.security.web.context.request.async.WebAsyncManagerIntegrationFilter@9349ccf, org.springframework.security.web.context.SecurityContextPersistenceFilter@7cc3f3, org.springframework.security.web.header.HeaderWriterFilter@22a9253, org.springframework.security.web.authentication.logout.LogoutFilter@3757be2c, org.springframework.security.web.authentication.www.BasicAuthenticationFilter@5152806e, org.springframework.security.web.savedrequest.RequestCacheAwareFilter@1c4fd5ea, org.springframework.security.web.servletapi.SecurityContextHolderAwareRequestFilter@4a21743a, org.springframework.security.web.authentication.AnonymousAuthenticationFilter@7537d713, org.springframework.security.web.session.SessionManagementFilter@5cf189a, org.springframework.security.web.access.ExceptionTranslationFilter@2aa6d13f, org.springframework.security.web.access.intercept.FilterSecurityInterceptor@3d2915f6]
2017-02-08 16:58:41.218  INFO 32071 --- [    Test worker] c.r.w.r.LeadFileRepositoryTest           : Started LeadFileRepositoryTest in 1.916 seconds (JVM running for 8.935)
2017-02-08 16:58:41.280  INFO 32071 --- [    Test worker] o.h.h.i.QueryTranslatorFactoryInitiator  : HHH000397: Using ASTQueryTranslatorFactory
]]></system-out>
  <system-err><![CDATA[]]></system-err>
</testsuite>
