<?xml version="1.0" encoding="UTF-8"?>
<testsuite name="com.renault.wired.SpringBootWebApplicationTests" tests="1" skipped="0" failures="0" errors="0" timestamp="2017-02-08T15:58:39" hostname="ubuntu" time="0.021">
  <properties/>
  <testcase name="contextLoads" classname="com.renault.wired.SpringBootWebApplicationTests" time="0.021"/>
  <system-out><![CDATA[16:58:32.899 [Test worker] DEBUG org.springframework.test.context.junit4.SpringJUnit4ClassRunner - SpringJUnit4ClassRunner constructor called with [class com.renault.wired.SpringBootWebApplicationTests]
16:58:32.903 [Test worker] DEBUG org.springframework.test.context.BootstrapUtils - Instantiating CacheAwareContextLoaderDelegate from class [org.springframework.test.context.cache.DefaultCacheAwareContextLoaderDelegate]
16:58:32.909 [Test worker] DEBUG org.springframework.test.context.BootstrapUtils - Instantiating BootstrapContext using constructor [public org.springframework.test.context.support.DefaultBootstrapContext(java.lang.Class,org.springframework.test.context.CacheAwareContextLoaderDelegate)]
16:58:32.923 [Test worker] DEBUG org.springframework.test.context.BootstrapUtils - Instantiating TestContextBootstrapper for test class [com.renault.wired.SpringBootWebApplicationTests] from class [org.springframework.boot.test.context.SpringBootTestContextBootstrapper]
16:58:32.935 [Test worker] INFO org.springframework.boot.test.context.SpringBootTestContextBootstrapper - Neither @ContextConfiguration nor @ContextHierarchy found for test class [com.renault.wired.SpringBootWebApplicationTests], using SpringBootContextLoader
16:58:32.947 [Test worker] DEBUG org.springframework.test.context.support.AbstractContextLoader - Did not detect default resource location for test class [com.renault.wired.SpringBootWebApplicationTests]: class path resource [com/renault/wired/SpringBootWebApplicationTests-context.xml] does not exist
16:58:32.948 [Test worker] DEBUG org.springframework.test.context.support.AbstractContextLoader - Did not detect default resource location for test class [com.renault.wired.SpringBootWebApplicationTests]: class path resource [com/renault/wired/SpringBootWebApplicationTestsContext.groovy] does not exist
16:58:32.948 [Test worker] INFO org.springframework.test.context.support.AbstractContextLoader - Could not detect default resource locations for test class [com.renault.wired.SpringBootWebApplicationTests]: no resource found for suffixes {-context.xml, Context.groovy}.
16:58:32.985 [Test worker] DEBUG org.springframework.test.context.support.ActiveProfilesUtils - Could not find an 'annotation declaring class' for annotation type [org.springframework.test.context.ActiveProfiles] and class [com.renault.wired.SpringBootWebApplicationTests]
16:58:33.011 [Test worker] DEBUG org.springframework.boot.test.context.SpringBootTestContextBootstrapper - @TestExecutionListeners is not present for class [com.renault.wired.SpringBootWebApplicationTests]: using defaults.
16:58:33.015 [Test worker] INFO org.springframework.boot.test.context.SpringBootTestContextBootstrapper - Loaded default TestExecutionListener class names from location [META-INF/spring.factories]: [org.springframework.boot.test.mock.mockito.MockitoTestExecutionListener, org.springframework.boot.test.mock.mockito.ResetMocksTestExecutionListener, org.springframework.boot.test.autoconfigure.restdocs.RestDocsTestExecutionListener, org.springframework.boot.test.autoconfigure.web.client.MockRestServiceServerResetTestExecutionListener, org.springframework.boot.test.autoconfigure.web.servlet.MockMvcPrintOnlyOnFailureTestExecutionListener, org.springframework.boot.test.autoconfigure.web.servlet.WebDriverTestExecutionListener, org.springframework.test.context.web.ServletTestExecutionListener, org.springframework.test.context.support.DirtiesContextBeforeModesTestExecutionListener, org.springframework.test.context.support.DependencyInjectionTestExecutionListener, org.springframework.test.context.support.DirtiesContextTestExecutionListener, org.springframework.test.context.transaction.TransactionalTestExecutionListener, org.springframework.test.context.jdbc.SqlScriptsTestExecutionListener]
16:58:33.033 [Test worker] INFO org.springframework.boot.test.context.SpringBootTestContextBootstrapper - Using TestExecutionListeners: [org.springframework.test.context.web.ServletTestExecutionListener@64570ed5, org.springframework.test.context.support.DirtiesContextBeforeModesTestExecutionListener@4368eb0a, org.springframework.boot.test.autoconfigure.SpringBootDependencyInjectionTestExecutionListener@2ec7076e, org.springframework.test.context.support.DirtiesContextTestExecutionListener@1498cd7f, org.springframework.test.context.transaction.TransactionalTestExecutionListener@4865489f, org.springframework.test.context.jdbc.SqlScriptsTestExecutionListener@4c51da22, org.springframework.boot.test.autoconfigure.web.client.MockRestServiceServerResetTestExecutionListener@5abb48b1, org.springframework.boot.test.autoconfigure.web.servlet.MockMvcPrintOnlyOnFailureTestExecutionListener@89a95ac, org.springframework.boot.test.autoconfigure.restdocs.RestDocsTestExecutionListener@6a590590, org.springframework.boot.test.mock.mockito.ResetMocksTestExecutionListener@289b5233, org.springframework.boot.test.mock.mockito.MockitoTestExecutionListener@28657951, org.springframework.boot.test.autoconfigure.web.servlet.WebDriverTestExecutionListener@748eae04]
16:58:33.035 [Test worker] DEBUG org.springframework.test.annotation.ProfileValueUtils - Retrieved @ProfileValueSourceConfiguration [null] for test class [com.renault.wired.SpringBootWebApplicationTests]
16:58:33.035 [Test worker] DEBUG org.springframework.test.annotation.ProfileValueUtils - Retrieved ProfileValueSource type [class org.springframework.test.annotation.SystemProfileValueSource] for class [com.renault.wired.SpringBootWebApplicationTests]
16:58:33.036 [Test worker] DEBUG org.springframework.test.annotation.ProfileValueUtils - Retrieved @ProfileValueSourceConfiguration [null] for test class [com.renault.wired.SpringBootWebApplicationTests]
16:58:33.036 [Test worker] DEBUG org.springframework.test.annotation.ProfileValueUtils - Retrieved ProfileValueSource type [class org.springframework.test.annotation.SystemProfileValueSource] for class [com.renault.wired.SpringBootWebApplicationTests]
16:58:33.040 [Test worker] DEBUG org.springframework.test.context.support.AbstractDirtiesContextTestExecutionListener - Before test class: context [DefaultTestContext@b5d8b48 testClass = SpringBootWebApplicationTests, testInstance = [null], testMethod = [null], testException = [null], mergedContextConfiguration = [WebMergedContextConfiguration@5ec0d51c testClass = SpringBootWebApplicationTests, locations = '{}', classes = '{class com.renault.wired.SpringBootWebApplication, class com.renault.wired.SpringBootWebApplication}', contextInitializerClasses = '[]', activeProfiles = '{}', propertySourceLocations = '{}', propertySourceProperties = '{org.springframework.boot.test.context.SpringBootTestContextBootstrapper=true}', contextCustomizers = set[org.springframework.boot.test.context.SpringBootTestContextCustomizer@6b1611e4, org.springframework.boot.test.context.filter.ExcludeFilterContextCustomizer@6d50edb7, org.springframework.boot.test.mock.mockito.MockitoContextCustomizer@0, org.springframework.boot.test.autoconfigure.properties.PropertyMappingContextCustomizer@0, org.springframework.boot.test.autoconfigure.web.servlet.WebDriverContextCustomizerFactory$Customizer@200277bf, org.springframework.test.context.web.socket.MockServerContainerContextCustomizer@7acdba33], resourceBasePath = 'src/main/webapp', contextLoader = 'org.springframework.boot.test.context.SpringBootContextLoader', parent = [null]]], class annotated with @DirtiesContext [false] with mode [null].
16:58:33.040 [Test worker] DEBUG org.springframework.test.annotation.ProfileValueUtils - Retrieved @ProfileValueSourceConfiguration [null] for test class [com.renault.wired.SpringBootWebApplicationTests]
16:58:33.040 [Test worker] DEBUG org.springframework.test.annotation.ProfileValueUtils - Retrieved ProfileValueSource type [class org.springframework.test.annotation.SystemProfileValueSource] for class [com.renault.wired.SpringBootWebApplicationTests]
16:58:33.090 [Test worker] DEBUG org.springframework.core.env.StandardEnvironment - Adding [systemProperties] PropertySource with lowest search precedence
16:58:33.090 [Test worker] DEBUG org.springframework.core.env.StandardEnvironment - Adding [systemEnvironment] PropertySource with lowest search precedence
16:58:33.091 [Test worker] DEBUG org.springframework.core.env.StandardEnvironment - Initialized StandardEnvironment with PropertySources [systemProperties,systemEnvironment]
16:58:33.092 [Test worker] DEBUG org.springframework.test.context.support.TestPropertySourceUtils - Adding inlined properties to environment: {spring.jmx.enabled=false, org.springframework.boot.test.context.SpringBootTestContextBootstrapper=true, server.port=-1}
16:58:33.093 [Test worker] DEBUG org.springframework.core.env.StandardEnvironment - Adding [Inlined Test Properties] PropertySource with highest search precedence

  .   ____          _            __ _ _
 /\\ / ___'_ __ _ _(_)_ __  __ _ \ \ \ \
( ( )\___ | '_ | '_| | '_ \/ _` | \ \ \ \
 \\/  ___)| |_)| | | | | || (_| |  ) ) ) )
  '  |____| .__|_| |_|_| |_\__, | / / / /
 =========|_|==============|___/=/_/_/_/
 :: Spring Boot ::        (v1.4.3.RELEASE)

2017-02-08 16:58:33.473  INFO 32071 --- [    Test worker] c.r.wired.SpringBootWebApplicationTests  : Starting SpringBootWebApplicationTests on ubuntu with PID 32071 (started by sebaoui in /home/sebaoui/IdeaProjects/wired-backoffice-leads)
2017-02-08 16:58:33.475  INFO 32071 --- [    Test worker] c.r.wired.SpringBootWebApplicationTests  : No active profile set, falling back to default profiles: default
2017-02-08 16:58:33.836  INFO 32071 --- [    Test worker] o.s.w.c.s.GenericWebApplicationContext   : Refreshing org.springframework.web.context.support.GenericWebApplicationContext@13568ce: startup date [Wed Feb 08 16:58:33 CET 2017]; root of context hierarchy
2017-02-08 16:58:35.306  INFO 32071 --- [    Test worker] f.a.AutowiredAnnotationBeanPostProcessor : JSR-330 'javax.inject.Inject' annotation found and supported for autowiring
2017-02-08 16:58:35.427  INFO 32071 --- [    Test worker] trationDelegate$BeanPostProcessorChecker : Bean 'org.springframework.transaction.annotation.ProxyTransactionManagementConfiguration' of type [class org.springframework.transaction.annotation.ProxyTransactionManagementConfiguration$$EnhancerBySpringCGLIB$$641fb354] is not eligible for getting processed by all BeanPostProcessors (for example: not eligible for auto-proxying)
2017-02-08 16:58:35.924  INFO 32071 --- [    Test worker] j.LocalContainerEntityManagerFactoryBean : Building JPA container EntityManagerFactory for persistence unit 'default'
2017-02-08 16:58:35.946  INFO 32071 --- [    Test worker] o.hibernate.jpa.internal.util.LogHelper  : HHH000204: Processing PersistenceUnitInfo [
	name: default
	...]
2017-02-08 16:58:36.029  INFO 32071 --- [    Test worker] org.hibernate.Version                    : HHH000412: Hibernate Core {5.0.11.Final}
2017-02-08 16:58:36.032  INFO 32071 --- [    Test worker] org.hibernate.cfg.Environment            : HHH000206: hibernate.properties not found
2017-02-08 16:58:36.034  INFO 32071 --- [    Test worker] org.hibernate.cfg.Environment            : HHH000021: Bytecode provider name : javassist
2017-02-08 16:58:36.085  INFO 32071 --- [    Test worker] o.hibernate.annotations.common.Version   : HCANN000001: Hibernate Commons Annotations {5.0.1.Final}
2017-02-08 16:58:36.565  INFO 32071 --- [    Test worker] org.hibernate.dialect.Dialect            : HHH000400: Using dialect: org.hibernate.dialect.PostgreSQL94Dialect
2017-02-08 16:58:36.781  INFO 32071 --- [    Test worker] o.h.e.j.e.i.LobCreatorBuilderImpl        : HHH000424: Disabling contextual LOB creation as createClob() method threw error : java.lang.reflect.InvocationTargetException
2017-02-08 16:58:36.783  INFO 32071 --- [    Test worker] org.hibernate.type.BasicTypeRegistry     : HHH000270: Type registration [java.util.UUID] overrides previous : org.hibernate.type.UUIDBinaryType@4731c6a0
2017-02-08 16:58:36.904  WARN 32071 --- [    Test worker] org.hibernate.orm.deprecation            : HHH90000014: Found use of deprecated [org.hibernate.id.SequenceGenerator] sequence-based id generator; use org.hibernate.id.enhanced.SequenceStyleGenerator instead.  See Hibernate Domain Model Mapping Guide for details.
2017-02-08 16:58:37.104  INFO 32071 --- [    Test worker] org.hibernate.tool.hbm2ddl.SchemaExport  : HHH000227: Running hbm2ddl schema export
2017-02-08 16:58:37.108 ERROR 32071 --- [    Test worker] org.hibernate.tool.hbm2ddl.SchemaExport  : HHH000389: Unsuccessful: drop sequence hibernate_sequence
2017-02-08 16:58:37.109 ERROR 32071 --- [    Test worker] org.hibernate.tool.hbm2ddl.SchemaExport  : ERROR: sequence "hibernate_sequence" does not exist
2017-02-08 16:58:37.122  INFO 32071 --- [    Test worker] org.hibernate.tool.hbm2ddl.SchemaExport  : HHH000230: Schema export complete
2017-02-08 16:58:37.153  INFO 32071 --- [    Test worker] j.LocalContainerEntityManagerFactoryBean : Initialized JPA EntityManagerFactory for persistence unit 'default'
2017-02-08 16:58:38.010  INFO 32071 --- [    Test worker] s.w.s.m.m.a.RequestMappingHandlerAdapter : Looking for @ControllerAdvice: org.springframework.web.context.support.GenericWebApplicationContext@13568ce: startup date [Wed Feb 08 16:58:33 CET 2017]; root of context hierarchy
2017-02-08 16:58:38.120  INFO 32071 --- [    Test worker] s.w.s.m.m.a.RequestMappingHandlerMapping : Mapped "{[/]}" onto java.lang.String com.renault.wired.controllers.IndexController.index()
2017-02-08 16:58:38.123  INFO 32071 --- [    Test worker] s.w.s.m.m.a.RequestMappingHandlerMapping : Mapped "{[/leadFile/{id}]}" onto public java.lang.String com.renault.wired.controllers.LeadFileController.showProduct(java.lang.Integer,org.springframework.ui.Model)
2017-02-08 16:58:38.124  INFO 32071 --- [    Test worker] s.w.s.m.m.a.RequestMappingHandlerMapping : Mapped "{[/leadFile/edit/{id}]}" onto public java.lang.String com.renault.wired.controllers.LeadFileController.edit(java.lang.Integer,org.springframework.ui.Model)
2017-02-08 16:58:38.124  INFO 32071 --- [    Test worker] s.w.s.m.m.a.RequestMappingHandlerMapping : Mapped "{[/leadFile/new]}" onto public java.lang.String com.renault.wired.controllers.LeadFileController.newProduct(org.springframework.ui.Model)
2017-02-08 16:58:38.124  INFO 32071 --- [    Test worker] s.w.s.m.m.a.RequestMappingHandlerMapping : Mapped "{[/leadFile],methods=[POST]}" onto public java.lang.String com.renault.wired.controllers.LeadFileController.saveProduct(com.renault.wired.domain.LeadFile)
2017-02-08 16:58:38.125  INFO 32071 --- [    Test worker] s.w.s.m.m.a.RequestMappingHandlerMapping : Mapped "{[/leadFiles],methods=[GET]}" onto public java.lang.String com.renault.wired.controllers.LeadFileController.list(org.springframework.ui.Model)
2017-02-08 16:58:38.129  INFO 32071 --- [    Test worker] s.w.s.m.m.a.RequestMappingHandlerMapping : Mapped "{[/error],produces=[text/html]}" onto public org.springframework.web.servlet.ModelAndView org.springframework.boot.autoconfigure.web.BasicErrorController.errorHtml(javax.servlet.http.HttpServletRequest,javax.servlet.http.HttpServletResponse)
2017-02-08 16:58:38.130  INFO 32071 --- [    Test worker] s.w.s.m.m.a.RequestMappingHandlerMapping : Mapped "{[/error]}" onto public org.springframework.http.ResponseEntity<java.util.Map<java.lang.String, java.lang.Object>> org.springframework.boot.autoconfigure.web.BasicErrorController.error(javax.servlet.http.HttpServletRequest)
2017-02-08 16:58:38.173  INFO 32071 --- [    Test worker] o.s.w.s.handler.SimpleUrlHandlerMapping  : Mapped URL path [/webjars/**] onto handler of type [class org.springframework.web.servlet.resource.ResourceHttpRequestHandler]
2017-02-08 16:58:38.173  INFO 32071 --- [    Test worker] o.s.w.s.handler.SimpleUrlHandlerMapping  : Mapped URL path [/**] onto handler of type [class org.springframework.web.servlet.resource.ResourceHttpRequestHandler]
2017-02-08 16:58:38.221  INFO 32071 --- [    Test worker] o.s.w.s.handler.SimpleUrlHandlerMapping  : Mapped URL path [/**/favicon.ico] onto handler of type [class org.springframework.web.servlet.resource.ResourceHttpRequestHandler]
2017-02-08 16:58:38.761  INFO 32071 --- [    Test worker] b.a.s.AuthenticationManagerConfiguration : 

Using default security password: cb2ad8c9-180e-405c-b537-d5878d67c91b

2017-02-08 16:58:38.801  INFO 32071 --- [    Test worker] o.s.s.web.DefaultSecurityFilterChain     : Creating filter chain: Ant [pattern='/css/**'], []
2017-02-08 16:58:38.801  INFO 32071 --- [    Test worker] o.s.s.web.DefaultSecurityFilterChain     : Creating filter chain: Ant [pattern='/js/**'], []
2017-02-08 16:58:38.802  INFO 32071 --- [    Test worker] o.s.s.web.DefaultSecurityFilterChain     : Creating filter chain: Ant [pattern='/images/**'], []
2017-02-08 16:58:38.802  INFO 32071 --- [    Test worker] o.s.s.web.DefaultSecurityFilterChain     : Creating filter chain: Ant [pattern='/webjars/**'], []
2017-02-08 16:58:38.802  INFO 32071 --- [    Test worker] o.s.s.web.DefaultSecurityFilterChain     : Creating filter chain: Ant [pattern='/**/favicon.ico'], []
2017-02-08 16:58:38.803  INFO 32071 --- [    Test worker] o.s.s.web.DefaultSecurityFilterChain     : Creating filter chain: Ant [pattern='/error'], []
2017-02-08 16:58:38.874  INFO 32071 --- [    Test worker] o.s.s.web.DefaultSecurityFilterChain     : Creating filter chain: org.springframework.security.web.util.matcher.AnyRequestMatcher@1, [org.springframework.security.web.context.request.async.WebAsyncManagerIntegrationFilter@baf9213, org.springframework.security.web.context.SecurityContextPersistenceFilter@ba11e0e, org.springframework.security.web.header.HeaderWriterFilter@4cbcf6b0, org.springframework.security.web.authentication.logout.LogoutFilter@55a200e0, org.springframework.security.web.savedrequest.RequestCacheAwareFilter@42905478, org.springframework.security.web.servletapi.SecurityContextHolderAwareRequestFilter@735d5abf, org.springframework.security.web.authentication.AnonymousAuthenticationFilter@13df968f, org.springframework.security.web.session.SessionManagementFilter@7d2c5446, org.springframework.security.web.access.ExceptionTranslationFilter@310067b, org.springframework.security.web.access.intercept.FilterSecurityInterceptor@4861b945]
2017-02-08 16:58:38.891  INFO 32071 --- [    Test worker] o.s.s.web.DefaultSecurityFilterChain     : Creating filter chain: OrRequestMatcher [requestMatchers=[Ant [pattern='/**']]], [org.springframework.security.web.context.request.async.WebAsyncManagerIntegrationFilter@31dc3499, org.springframework.security.web.context.SecurityContextPersistenceFilter@26105fed, org.springframework.security.web.header.HeaderWriterFilter@59d9a9cc, org.springframework.security.web.authentication.logout.LogoutFilter@2716c42d, org.springframework.security.web.authentication.www.BasicAuthenticationFilter@80d2353, org.springframework.security.web.savedrequest.RequestCacheAwareFilter@56eb89c8, org.springframework.security.web.servletapi.SecurityContextHolderAwareRequestFilter@4268dd10, org.springframework.security.web.authentication.AnonymousAuthenticationFilter@44924b5d, org.springframework.security.web.session.SessionManagementFilter@74d7f0c2, org.springframework.security.web.access.ExceptionTranslationFilter@45c6a9be, org.springframework.security.web.access.intercept.FilterSecurityInterceptor@1fe23e66]
2017-02-08 16:58:39.223  INFO 32071 --- [    Test worker] c.r.wired.bootstrap.LeadFileLoader       : Saved Shirt - id: 1
2017-02-08 16:58:39.228  INFO 32071 --- [    Test worker] c.r.wired.bootstrap.LeadFileLoader       : Saved Mug - id:2
2017-02-08 16:58:39.235  INFO 32071 --- [    Test worker] c.r.wired.SpringBootWebApplicationTests  : Started SpringBootWebApplicationTests in 6.133 seconds (JVM running for 6.952)
]]></system-out>
  <system-err><![CDATA[]]></system-err>
</testsuite>
